\BOOKMARK [0][-]{chapter.1}{\376\377\004\022\004\062\004\065\004\064\004\065\004\075\004\070\004\065}{}% 1
\BOOKMARK [1][-]{section.1.1}{\376\377\004\036\004\101\004\075\004\076\004\062\004\075\004\113\004\065\000\040\004\077\004\076\004\075\004\117\004\102\004\070\004\117}{chapter.1}% 2
\BOOKMARK [1][-]{section.1.2}{\376\377\004\046\004\065\004\073\004\070\000\040\004\100\004\060\004\061\004\076\004\102\004\113}{chapter.1}% 3
\BOOKMARK [1][-]{section.1.3}{\376\377\004\037\004\073\004\060\004\075\000\040\004\100\004\060\004\061\004\076\004\102\004\113}{chapter.1}% 4
\BOOKMARK [0][-]{chapter.2}{\376\377\004\032\004\076\004\075\004\072\004\103\004\100\004\065\004\075\004\102\004\075\004\076\004\065\000\040\004\077\004\100\004\076\004\063\004\100\004\060\004\074\004\074\004\070\004\100\004\076\004\062\004\060\004\075\004\070\004\065}{}% 5
\BOOKMARK [1][-]{section.2.1}{\376\377\004\037\004\100\004\076\004\061\004\073\004\065\004\074\004\113}{chapter.2}% 6
\BOOKMARK [2][-]{subsection.2.1.1}{\376\377\004\023\004\076\004\075\004\072\004\060\000\040\004\075\004\060\000\040\004\064\004\060\004\075\004\075\004\113\004\105}{section.2.1}% 7
\BOOKMARK [2][-]{subsection.2.1.2}{\376\377\004\041\004\076\004\101\004\102\004\076\004\117\004\075\004\070\004\065\000\040\004\063\004\076\004\075\004\072\004\070}{section.2.1}% 8
\BOOKMARK [2][-]{subsection.2.1.3}{\376\377\004\022\004\067\004\060\004\070\004\074\004\075\004\060\004\117\000\040\004\061\004\073\004\076\004\072\004\070\004\100\004\076\004\062\004\072\004\060}{section.2.1}% 9
\BOOKMARK [1][-]{section.2.2}{\376\377\004\034\004\076\004\064\004\065\004\073\004\070\000\040\004\101\004\076\004\063\004\073\004\060\004\101\004\076\004\062\004\060\004\075\004\075\004\076\004\101\004\102\004\070}{chapter.2}% 10
\BOOKMARK [2][-]{subsection.2.2.1}{\376\377\004\037\004\076\004\101\004\073\004\065\004\064\004\076\004\062\004\060\004\102\004\065\004\073\004\114\004\075\004\060\004\117\000\040\004\101\004\076\004\063\004\073\004\060\004\101\004\076\004\062\004\060\004\075\004\075\004\076\004\101\004\102\004\114}{section.2.2}% 11
\BOOKMARK [2][-]{subsection.2.2.2}{\376\377\004\033\004\070\004\075\004\065\004\060\004\100\004\070\004\067\004\103\004\065\004\074\004\076\004\101\004\102\004\114}{section.2.2}% 12
\BOOKMARK [0][-]{chapter.3}{\376\377\004\037\004\100\004\076\004\062\004\065\004\100\004\072\004\060\000\040\004\074\004\076\004\064\004\065\004\073\004\065\004\071\000\040\004\101\004\076\004\063\004\073\004\060\004\101\004\076\004\062\004\060\004\075\004\075\004\076\004\101\004\102\004\070}{}% 13
\BOOKMARK [1][-]{section.3.1}{\376\377\004\037\004\076\004\101\004\102\004\060\004\075\004\076\004\062\004\072\004\060\000\040\004\067\004\060\004\064\004\060\004\107\004\070}{chapter.3}% 14
\BOOKMARK [1][-]{section.3.2}{\376\377\004\020\004\073\004\063\004\076\004\100\004\070\004\102\004\074\004\113\000\040\004\102\004\065\004\101\004\102\004\070\004\100\004\076\004\062\004\060\004\075\004\070\004\117}{chapter.3}% 15
\BOOKMARK [2][-]{subsection.3.2.1}{\376\377\004\037\004\076\004\101\004\073\004\065\004\064\004\076\004\062\004\060\004\102\004\065\004\073\004\114\004\075\004\060\004\117\000\040\004\101\004\076\004\063\004\073\004\060\004\101\004\076\004\062\004\060\004\075\004\075\004\076\004\101\004\102\004\114}{section.3.2}% 16
\BOOKMARK [2][-]{subsection.3.2.2}{\376\377\004\033\004\070\004\075\004\065\004\060\004\100\004\070\004\067\004\103\004\065\004\074\004\076\004\101\004\102\004\114}{section.3.2}% 17
\BOOKMARK [1][-]{section.3.3}{\376\377\004\040\004\060\004\067\004\100\004\060\004\061\004\076\004\102\004\072\004\060\000\040\004\102\004\100\004\065\004\061\004\076\004\062\004\060\004\075\004\070\004\071\000\040\004\072\000\040\004\061\004\070\004\061\004\073\004\070\004\076\004\102\004\065\004\072\004\065}{chapter.3}% 18
\BOOKMARK [2][-]{subsection.3.3.1}{\376\377\004\030\004\075\004\102\004\065\004\100\004\104\004\065\004\071\004\101}{section.3.3}% 19
\BOOKMARK [2][-]{subsection.3.3.2}{\376\377\004\032\004\076\004\075\004\104\004\070\004\063\004\103\004\100\004\060\004\106\004\070\004\117}{section.3.3}% 20
\BOOKMARK [0][-]{chapter.4}{\376\377\004\040\004\065\004\060\004\073\004\070\004\067\004\060\004\106\004\070\004\117\000\040\004\061\004\070\004\061\004\073\004\070\004\076\004\102\004\065\004\072\004\070}{}% 21
\BOOKMARK [1][-]{section.4.1}{\376\377\004\030\004\075\004\102\004\065\004\100\004\104\004\065\004\071\004\101}{chapter.4}% 22
\BOOKMARK [1][-]{section.4.2}{\376\377\004\023\004\065\004\075\004\065\004\100\004\060\004\106\004\070\004\117\000\040\004\102\004\065\004\101\004\102\004\076\004\062\004\113\004\105\000\040\004\101\004\106\004\065\004\075\004\060\004\100\004\070\004\065\004\062}{chapter.4}% 23
\BOOKMARK [1][-]{section.4.3}{\376\377\004\027\004\060\004\077\004\103\004\101\004\072\000\040\004\102\004\065\004\101\004\102\004\076\004\062\004\113\004\105\000\040\004\101\004\106\004\065\004\075\004\060\004\100\004\070\004\065\004\062}{chapter.4}% 24
\BOOKMARK [1][-]{section.4.4}{\376\377\004\022\004\060\004\073\004\070\004\064\004\060\004\106\004\070\004\117\000\040\004\100\004\065\004\067\004\103\004\073\004\114\004\102\004\060\004\102\004\076\004\062\000\040\004\070\004\101\004\077\004\076\004\073\004\075\004\065\004\075\004\070\004\117}{chapter.4}% 25
\BOOKMARK [1][-]{section.4.5}{\376\377\004\023\004\065\004\075\004\065\004\100\004\060\004\106\004\070\004\117\000\040\004\076\004\102\004\107\004\065\004\102\004\060\000\040\004\102\004\065\004\101\004\102\004\070\004\100\004\076\004\062\004\060\004\075\004\070\004\117}{chapter.4}% 26
\BOOKMARK [0][-]{chapter.5}{\376\377\004\022\004\113\004\062\004\076\004\064\004\113}{}% 27
\BOOKMARK [0][-]{chapter.6}{\376\377\004\033\004\070\004\102\004\065\004\100\004\060\004\102\004\103\004\100\004\060}{}% 28
